app/build/outputs/logs/manifest-merger-debug-report.txt
-- Merging decision tree log ---
manifest
ADDED from AndroidManifest.xml:2:1
	xmlns:android
		ADDED from AndroidManifest.xml:2:11
	package
		ADDED from AndroidManifest.xml:3:5
		INJECTED from AndroidManifest.xml:0:0
		INJECTED from AndroidManifest.xml:0:0
	android:versionName
		ADDED from AndroidManifest.xml:5:5
	android:versionCode
		ADDED from AndroidManifest.xml:4:5
		INJECTED from AndroidManifest.xml:0:0
		INJECTED from AndroidManifest.xml:0:0
uses-sdk
ADDED from AndroidManifest.xml:7:5
MERGED from com.github.ganfra:material-spinner:1.1.0:6:5
MERGED from com.android.support:appcompat-v7:22.2.0:20:5
MERGED from com.android.support:support-v4:22.2.0:20:5
MERGED from com.google.android.gms:play-services:8.1.0:18:5
MERGED from com.google.android.gms:play-services-ads:8.1.0:23:5
MERGED from com.google.android.gms:play-services-basement:8.1.0:18:5
MERGED from com.android.support:support-v4:22.2.0:20:5
MERGED from com.google.android.gms:play-services-appindexing:8.1.0:18:5
MERGED from com.google.android.gms:play-services-basement:8.1.0:18:5
MERGED from com.android.support:support-v4:22.2.0:20:5
MERGED from com.google.android.gms:play-services-analytics:8.1.0:18:5
MERGED from com.google.android.gms:play-services-basement:8.1.0:18:5
MERGED from com.android.support:support-v4:22.2.0:20:5
MERGED from com.google.android.gms:play-services-ads:8.1.0:23:5
MERGED from com.google.android.gms:play-services-basement:8.1.0:18:5
MERGED from com.android.support:support-v4:22.2.0:20:5
MERGED from com.google.android.gms:play-services-appindexing:8.1.0:18:5
MERGED from com.google.android.gms:play-services-basement:8.1.0:18:5
MERGED from com.android.support:support-v4:22.2.0:20:5
MERGED from com.google.android.gms:play-services-appindexing:8.1.0:18:5
MERGED from com.google.android.gms:play-services-basement:8.1.0:18:5
MERGED from com.android.support:support-v4:22.2.0:20:5
MERGED from com.google.android.gms:play-services-appinvite:8.1.0:18:5
MERGED from com.google.android.gms:play-services-base:8.1.0:18:5
MERGED from com.google.android.gms:play-services-basement:8.1.0:18:5
MERGED from com.android.support:support-v4:22.2.0:20:5
MERGED from com.google.android.gms:play-services-appstate:8.1.0:18:5
MERGED from com.google.android.gms:play-services-base:8.1.0:18:5
MERGED from com.google.android.gms:play-services-basement:8.1.0:18:5
MERGED from com.android.support:support-v4:22.2.0:20:5
MERGED from com.google.android.gms:play-services-base:8.1.0:18:5
MERGED from com.google.android.gms:play-services-basement:8.1.0:18:5
MERGED from com.android.support:support-v4:22.2.0:20:5
MERGED from com.google.android.gms:play-services-basement:8.1.0:18:5
MERGED from com.android.support:support-v4:22.2.0:20:5
MERGED from com.google.android.gms:play-services-cast:8.1.0:18:5
MERGED from com.google.android.gms:play-services-base:8.1.0:18:5
MERGED from com.google.android.gms:play-services-basement:8.1.0:18:5
MERGED from com.android.support:support-v4:22.2.0:20:5
MERGED from com.android.support:mediarouter-v7:22.2.0:20:5
MERGED from com.android.support:appcompat-v7:22.2.0:20:5
MERGED from com.android.support:support-v4:22.2.0:20:5
MERGED from com.google.android.gms:play-services-drive:8.1.0:18:5
MERGED from com.google.android.gms:play-services-base:8.1.0:18:5
MERGED from com.google.android.gms:play-services-basement:8.1.0:18:5
MERGED from com.android.support:support-v4:22.2.0:20:5
MERGED from com.google.android.gms:play-services-fitness:8.1.0:18:5
MERGED from com.google.android.gms:play-services-base:8.1.0:18:5
MERGED from com.google.android.gms:play-services-basement:8.1.0:18:5
MERGED from com.android.support:support-v4:22.2.0:20:5
MERGED from com.google.android.gms:play-services-location:8.1.0:18:5
MERGED from com.google.android.gms:play-services-base:8.1.0:18:5
MERGED from com.google.android.gms:play-services-basement:8.1.0:18:5
MERGED from com.android.support:support-v4:22.2.0:20:5
MERGED from com.google.android.gms:play-services-maps:8.1.0:27:5
MERGED from com.google.android.gms:play-services-base:8.1.0:18:5
MERGED from com.google.android.gms:play-services-basement:8.1.0:18:5
MERGED from com.android.support:support-v4:22.2.0:20:5
MERGED from com.google.android.gms:play-services-games:8.1.0:18:5
MERGED from com.google.android.gms:play-services-base:8.1.0:18:5
MERGED from com.google.android.gms:play-services-basement:8.1.0:18:5
MERGED from com.android.support:support-v4:22.2.0:20:5
MERGED from com.google.android.gms:play-services-drive:8.1.0:18:5
MERGED from com.google.android.gms:play-services-base:8.1.0:18:5
MERGED from com.google.android.gms:play-services-basement:8.1.0:18:5
MERGED from com.android.support:support-v4:22.2.0:20:5
MERGED from com.google.android.gms:play-services-gcm:8.1.0:18:5
MERGED from com.google.android.gms:play-services-base:8.1.0:18:5
MERGED from com.google.android.gms:play-services-basement:8.1.0:18:5
MERGED from com.android.support:support-v4:22.2.0:20:5
MERGED from com.google.android.gms:play-services-identity:8.1.0:18:5
MERGED from com.google.android.gms:play-services-base:8.1.0:18:5
MERGED from com.google.android.gms:play-services-basement:8.1.0:18:5
MERGED from com.android.support:support-v4:22.2.0:20:5
MERGED from com.google.android.gms:play-services-location:8.1.0:18:5
MERGED from com.google.android.gms:play-services-base:8.1.0:18:5
MERGED from com.google.android.gms:play-services-basement:8.1.0:18:5
MERGED from com.android.support:support-v4:22.2.0:20:5
MERGED from com.google.android.gms:play-services-maps:8.1.0:27:5
MERGED from com.google.android.gms:play-services-base:8.1.0:18:5
MERGED from com.google.android.gms:play-services-basement:8.1.0:18:5
MERGED from com.android.support:support-v4:22.2.0:20:5
MERGED from com.google.android.gms:play-services-maps:8.1.0:27:5
MERGED from com.google.android.gms:play-services-base:8.1.0:18:5
MERGED from com.google.android.gms:play-services-basement:8.1.0:18:5
MERGED from com.android.support:support-v4:22.2.0:20:5
MERGED from com.google.android.gms:play-services-measurement:8.1.0:18:5
MERGED from com.google.android.gms:play-services-base:8.1.0:18:5
MERGED from com.google.android.gms:play-services-basement:8.1.0:18:5
MERGED from com.android.support:support-v4:22.2.0:20:5
MERGED from com.google.android.gms:play-services-analytics:8.1.0:18:5
MERGED from com.google.android.gms:play-services-basement:8.1.0:18:5
MERGED from com.android.support:support-v4:22.2.0:20:5
MERGED from com.google.android.gms:play-services-ads:8.1.0:23:5
MERGED from com.google.android.gms:play-services-basement:8.1.0:18:5
MERGED from com.android.support:support-v4:22.2.0:20:5
MERGED from com.google.android.gms:play-services-appindexing:8.1.0:18:5
MERGED from com.google.android.gms:play-services-basement:8.1.0:18:5
MERGED from com.android.support:support-v4:22.2.0:20:5
MERGED from com.google.android.gms:play-services-nearby:8.1.0:18:5
MERGED from com.google.android.gms:play-services-base:8.1.0:18:5
MERGED from com.google.android.gms:play-services-basement:8.1.0:18:5
MERGED from com.android.support:support-v4:22.2.0:20:5
MERGED from com.google.android.gms:play-services-panorama:8.1.0:18:5
MERGED from com.google.android.gms:play-services-base:8.1.0:18:5
MERGED from com.google.android.gms:play-services-basement:8.1.0:18:5
MERGED from com.android.support:support-v4:22.2.0:20:5
MERGED from com.google.android.gms:play-services-plus:8.1.0:18:5
MERGED from com.google.android.gms:play-services-base:8.1.0:18:5
MERGED from com.google.android.gms:play-services-basement:8.1.0:18:5
MERGED from com.android.support:support-v4:22.2.0:20:5
MERGED from com.google.android.gms:play-services-safetynet:8.1.0:18:5
MERGED from com.google.android.gms:play-services-base:8.1.0:18:5
MERGED from com.google.android.gms:play-services-basement:8.1.0:18:5
MERGED from com.android.support:support-v4:22.2.0:20:5
MERGED from com.google.android.gms:play-services-vision:8.1.0:4:5
MERGED from com.google.android.gms:play-services-base:8.1.0:18:5
MERGED from com.google.android.gms:play-services-basement:8.1.0:18:5
MERGED from com.android.support:support-v4:22.2.0:20:5
MERGED from com.google.android.gms:play-services-wallet:8.1.0:19:5
MERGED from com.google.android.gms:play-services-base:8.1.0:18:5
MERGED from com.google.android.gms:play-services-basement:8.1.0:18:5
MERGED from com.android.support:support-v4:22.2.0:20:5
MERGED from com.google.android.gms:play-services-identity:8.1.0:18:5
MERGED from com.google.android.gms:play-services-base:8.1.0:18:5
MERGED from com.google.android.gms:play-services-basement:8.1.0:18:5
MERGED from com.android.support:support-v4:22.2.0:20:5
MERGED from com.google.android.gms:play-services-maps:8.1.0:27:5
MERGED from com.google.android.gms:play-services-base:8.1.0:18:5
MERGED from com.google.android.gms:play-services-basement:8.1.0:18:5
MERGED from com.android.support:support-v4:22.2.0:20:5
MERGED from com.google.android.gms:play-services-wearable:8.1.0:18:5
MERGED from com.google.android.gms:play-services-base:8.1.0:18:5
MERGED from com.google.android.gms:play-services-basement:8.1.0:18:5
MERGED from com.android.support:support-v4:22.2.0:20:5
MERGED from com.android.support:appcompat-v7:22.2.0:20:5
MERGED from com.android.support:support-v4:22.2.0:20:5
MERGED from com.astuetz:pagerslidingtabstrip:1.0.1:2:5
MERGED from com.android.support:support-v4:22.2.0:20:5
MERGED from com.android.support:support-v4:22.2.0:20:5
MERGED from com.hudomju:swipe-to-dismiss-undo:1.0:7:5
MERGED from com.google.android.gms:play-services-gcm:8.1.0:18:5
MERGED from com.google.android.gms:play-services-base:8.1.0:18:5
MERGED from com.google.android.gms:play-services-basement:8.1.0:18:5
MERGED from com.android.support:support-v4:22.2.0:20:5
MERGED from com.github.flavienlaurent.datetimepicker:library:0.0.2:3:5
MERGED from com.android.support:support-v4:22.2.0:20:5
MERGED from se.emilsjolander:stickylistheaders:2.6.0:7:5
	android:targetSdkVersion
		ADDED from AndroidManifest.xml:9:9
		INJECTED from AndroidManifest.xml:0:0
		INJECTED from AndroidManifest.xml:0:0
	android:minSdkVersion
		ADDED from AndroidManifest.xml:8:9
		INJECTED from AndroidManifest.xml:0:0
		INJECTED from AndroidManifest.xml:0:0
uses-permission#android.permission.CALL_PHONE
ADDED from AndroidManifest.xml:11:5
	android:name
		ADDED from AndroidManifest.xml:11:22
uses-permission#com.google.android.providers.gsf.permission.READ_GSERVICES
ADDED from AndroidManifest.xml:12:5
	android:name
		ADDED from AndroidManifest.xml:12:22
permission#com.rp.mallstory.permission.MAPS_RECEIVE
ADDED from AndroidManifest.xml:14:5
	android:protectionLevel
		ADDED from AndroidManifest.xml:16:9
	android:name
		ADDED from AndroidManifest.xml:15:9
uses-permission#com.rp.mallstory.permission.MAPS_RECEIVE
ADDED from AndroidManifest.xml:18:5
	android:name
		ADDED from AndroidManifest.xml:18:22
uses-permission#android.permission.INTERNET
ADDED from AndroidManifest.xml:19:5
MERGED from com.google.android.gms:play-services-ads:8.1.0:20:5
MERGED from com.google.android.gms:play-services-analytics:8.1.0:21:5
MERGED from com.google.android.gms:play-services-ads:8.1.0:20:5
MERGED from com.google.android.gms:play-services-appinvite:8.1.0:19:5
MERGED from com.google.android.gms:play-services-maps:8.1.0:21:5
MERGED from com.google.android.gms:play-services-gcm:8.1.0:22:5
MERGED from com.google.android.gms:play-services-maps:8.1.0:21:5
MERGED from com.google.android.gms:play-services-maps:8.1.0:21:5
MERGED from com.google.android.gms:play-services-measurement:8.1.0:21:5
MERGED from com.google.android.gms:play-services-analytics:8.1.0:21:5
MERGED from com.google.android.gms:play-services-ads:8.1.0:20:5
MERGED from com.google.android.gms:play-services-wallet:8.1.0:20:5
MERGED from com.google.android.gms:play-services-maps:8.1.0:21:5
MERGED from com.google.android.gms:play-services-gcm:8.1.0:22:5
	android:name
		ADDED from AndroidManifest.xml:19:22
uses-permission#android.permission.GET_ACCOUNTS
ADDED from AndroidManifest.xml:20:5
MERGED from com.google.android.gms:play-services-wallet:8.1.0:21:5
	android:name
		ADDED from AndroidManifest.xml:20:22
uses-permission#android.permission.WAKE_LOCK
ADDED from AndroidManifest.xml:21:5
MERGED from com.google.android.gms:play-services-measurement:8.1.0:24:5
	android:name
		ADDED from AndroidManifest.xml:21:22
uses-permission#com.google.android.c2dm.permission.RECEIVE
ADDED from AndroidManifest.xml:22:5
MERGED from com.google.android.gms:play-services-gcm:8.1.0:21:5
MERGED from com.google.android.gms:play-services-gcm:8.1.0:21:5
	android:name
		ADDED from AndroidManifest.xml:22:22
uses-permission#android.permission.ACCESS_COARSE_LOCATION
ADDED from AndroidManifest.xml:23:5
	android:name
		ADDED from AndroidManifest.xml:23:22
uses-permission#android.permission.ACCESS_FINE_LOCATION
ADDED from AndroidManifest.xml:24:5
	android:name
		ADDED from AndroidManifest.xml:24:22
uses-feature#0x00020000
ADDED from AndroidManifest.xml:26:5
MERGED from com.google.android.gms:play-services-maps:8.1.0:23:5
MERGED from com.google.android.gms:play-services-maps:8.1.0:23:5
MERGED from com.google.android.gms:play-services-maps:8.1.0:23:5
MERGED from com.google.android.gms:play-services-maps:8.1.0:23:5
	android:required
		ADDED from AndroidManifest.xml:28:9
	android:glEsVersion
		ADDED from AndroidManifest.xml:27:9
uses-feature#android.hardware.camera
ADDED from AndroidManifest.xml:29:5
	android:required
		ADDED from AndroidManifest.xml:31:9
	android:name
		ADDED from AndroidManifest.xml:30:9
permission#com.example.v4sales.gcm.permission.C2D_MESSAGE
ADDED from AndroidManifest.xml:33:5
	android:protectionLevel
		ADDED from AndroidManifest.xml:35:9
	android:name
		ADDED from AndroidManifest.xml:34:9
uses-permission#amigoinn.example.v4sales.gcm.permission.C2D_MESSAGE
ADDED from AndroidManifest.xml:37:5
	android:name
		ADDED from AndroidManifest.xml:37:22
android:uses-permission#android.permission.WRITE_EXTERNAL_STORAGE
ADDED from AndroidManifest.xml:39:5
MERGED from com.google.android.gms:play-services-maps:8.1.0:22:5
MERGED from com.google.android.gms:play-services-maps:8.1.0:22:5
MERGED from com.google.android.gms:play-services-maps:8.1.0:22:5
MERGED from com.google.android.gms:play-services-maps:8.1.0:22:5
	android:name
		ADDED from AndroidManifest.xml:39:30
android:uses-permission#android.permission.READ_PHONE_STATE
ADDED from AndroidManifest.xml:40:5
	android:name
		ADDED from AndroidManifest.xml:40:30
android:uses-permission#android.permission.READ_EXTERNAL_STORAGE
ADDED from AndroidManifest.xml:41:5
	android:name
		ADDED from AndroidManifest.xml:41:30
uses-permission#android.permission.ACCESS_NETWORK_STATE
ADDED from AndroidManifest.xml:43:5
MERGED from com.google.android.gms:play-services-ads:8.1.0:21:5
MERGED from com.google.android.gms:play-services-analytics:8.1.0:22:5
MERGED from com.google.android.gms:play-services-ads:8.1.0:21:5
MERGED from com.google.android.gms:play-services-maps:8.1.0:20:5
MERGED from com.google.android.gms:play-services-maps:8.1.0:20:5
MERGED from com.google.android.gms:play-services-maps:8.1.0:20:5
MERGED from com.google.android.gms:play-services-measurement:8.1.0:22:5
MERGED from com.google.android.gms:play-services-analytics:8.1.0:22:5
MERGED from com.google.android.gms:play-services-ads:8.1.0:21:5
MERGED from com.google.android.gms:play-services-nearby:8.1.0:19:5
MERGED from com.google.android.gms:play-services-maps:8.1.0:20:5
	android:name
		ADDED from AndroidManifest.xml:43:22
uses-permission#android.permission.RECORD_AUDIO
ADDED from AndroidManifest.xml:47:5
	android:name
		ADDED from AndroidManifest.xml:47:22
uses-feature#android.hardware.touchscreen
ADDED from AndroidManifest.xml:49:5
	android:required
		ADDED from AndroidManifest.xml:51:9
	android:name
		ADDED from AndroidManifest.xml:50:9
uses-feature#android.software.leanback
ADDED from AndroidManifest.xml:52:5
	android:required
		ADDED from AndroidManifest.xml:54:9
	android:name
		ADDED from AndroidManifest.xml:53:9
application
ADDED from AndroidManifest.xml:56:5
MERGED from com.android.support:appcompat-v7:22.2.0:22:5
MERGED from com.android.support:support-v4:22.2.0:22:5
MERGED from com.google.android.gms:play-services:8.1.0:19:5
MERGED from com.google.android.gms:play-services-ads:8.1.0:24:5
MERGED from com.google.android.gms:play-services-basement:8.1.0:20:5
MERGED from com.android.support:support-v4:22.2.0:22:5
MERGED from com.google.android.gms:play-services-appindexing:8.1.0:19:5
MERGED from com.google.android.gms:play-services-basement:8.1.0:20:5
MERGED from com.android.support:support-v4:22.2.0:22:5
MERGED from com.google.android.gms:play-services-analytics:8.1.0:24:5
MERGED from com.google.android.gms:play-services-basement:8.1.0:20:5
MERGED from com.android.support:support-v4:22.2.0:22:5
MERGED from com.google.android.gms:play-services-ads:8.1.0:24:5
MERGED from com.google.android.gms:play-services-basement:8.1.0:20:5
MERGED from com.android.support:support-v4:22.2.0:22:5
MERGED from com.google.android.gms:play-services-appindexing:8.1.0:19:5
MERGED from com.google.android.gms:play-services-basement:8.1.0:20:5
MERGED from com.android.support:support-v4:22.2.0:22:5
MERGED from com.google.android.gms:play-services-appindexing:8.1.0:19:5
MERGED from com.google.android.gms:play-services-basement:8.1.0:20:5
MERGED from com.android.support:support-v4:22.2.0:22:5
MERGED from com.google.android.gms:play-services-appinvite:8.1.0:20:5
MERGED from com.google.android.gms:play-services-basement:8.1.0:20:5
MERGED from com.android.support:support-v4:22.2.0:22:5
MERGED from com.google.android.gms:play-services-appstate:8.1.0:19:5
MERGED from com.google.android.gms:play-services-basement:8.1.0:20:5
MERGED from com.android.support:support-v4:22.2.0:22:5
MERGED from com.google.android.gms:play-services-basement:8.1.0:20:5
MERGED from com.android.support:support-v4:22.2.0:22:5
MERGED from com.google.android.gms:play-services-basement:8.1.0:20:5
MERGED from com.android.support:support-v4:22.2.0:22:5
MERGED from com.google.android.gms:play-services-cast:8.1.0:19:5
MERGED from com.google.android.gms:play-services-basement:8.1.0:20:5
MERGED from com.android.support:support-v4:22.2.0:22:5
MERGED from com.android.support:mediarouter-v7:22.2.0:22:5
MERGED from com.android.support:appcompat-v7:22.2.0:22:5
MERGED from com.android.support:support-v4:22.2.0:22:5
MERGED from com.google.android.gms:play-services-drive:8.1.0:19:5
MERGED from com.google.android.gms:play-services-basement:8.1.0:20:5
MERGED from com.android.support:support-v4:22.2.0:22:5
MERGED from com.google.android.gms:play-services-fitness:8.1.0:19:5
MERGED from com.google.android.gms:play-services-basement:8.1.0:20:5
MERGED from com.android.support:support-v4:22.2.0:22:5
MERGED from com.google.android.gms:play-services-location:8.1.0:19:5
MERGED from com.google.android.gms:play-services-basement:8.1.0:20:5
MERGED from com.android.support:support-v4:22.2.0:22:5
MERGED from com.google.android.gms:play-services-maps:8.1.0:28:5
MERGED from com.google.android.gms:play-services-basement:8.1.0:20:5
MERGED from com.android.support:support-v4:22.2.0:22:5
MERGED from com.google.android.gms:play-services-games:8.1.0:19:5
MERGED from com.google.android.gms:play-services-basement:8.1.0:20:5
MERGED from com.android.support:support-v4:22.2.0:22:5
MERGED from com.google.android.gms:play-services-drive:8.1.0:19:5
MERGED from com.google.android.gms:play-services-basement:8.1.0:20:5
MERGED from com.android.support:support-v4:22.2.0:22:5
MERGED from com.google.android.gms:play-services-gcm:8.1.0:24:5
MERGED from com.google.android.gms:play-services-basement:8.1.0:20:5
MERGED from com.android.support:support-v4:22.2.0:22:5
MERGED from com.google.android.gms:play-services-identity:8.1.0:19:5
MERGED from com.google.android.gms:play-services-basement:8.1.0:20:5
MERGED from com.android.support:support-v4:22.2.0:22:5
MERGED from com.google.android.gms:play-services-location:8.1.0:19:5
MERGED from com.google.android.gms:play-services-basement:8.1.0:20:5
MERGED from com.android.support:support-v4:22.2.0:22:5
MERGED from com.google.android.gms:play-services-maps:8.1.0:28:5
MERGED from com.google.android.gms:play-services-basement:8.1.0:20:5
MERGED from com.android.support:support-v4:22.2.0:22:5
MERGED from com.google.android.gms:play-services-maps:8.1.0:28:5
MERGED from com.google.android.gms:play-services-basement:8.1.0:20:5
MERGED from com.android.support:support-v4:22.2.0:22:5
MERGED from com.google.android.gms:play-services-measurement:8.1.0:26:5
MERGED from com.google.android.gms:play-services-basement:8.1.0:20:5
MERGED from com.android.support:support-v4:22.2.0:22:5
MERGED from com.google.android.gms:play-services-analytics:8.1.0:24:5
MERGED from com.google.android.gms:play-services-basement:8.1.0:20:5
MERGED from com.android.support:support-v4:22.2.0:22:5
MERGED from com.google.android.gms:play-services-ads:8.1.0:24:5
MERGED from com.google.android.gms:play-services-basement:8.1.0:20:5
MERGED from com.android.support:support-v4:22.2.0:22:5
MERGED from com.google.android.gms:play-services-appindexing:8.1.0:19:5
MERGED from com.google.android.gms:play-services-basement:8.1.0:20:5
MERGED from com.android.support:support-v4:22.2.0:22:5
MERGED from com.google.android.gms:play-services-nearby:8.1.0:20:5
MERGED from com.google.android.gms:play-services-basement:8.1.0:20:5
MERGED from com.android.support:support-v4:22.2.0:22:5
MERGED from com.google.android.gms:play-services-panorama:8.1.0:19:5
MERGED from com.google.android.gms:play-services-basement:8.1.0:20:5
MERGED from com.android.support:support-v4:22.2.0:22:5
MERGED from com.google.android.gms:play-services-plus:8.1.0:19:5
MERGED from com.google.android.gms:play-services-basement:8.1.0:20:5
MERGED from com.android.support:support-v4:22.2.0:22:5
MERGED from com.google.android.gms:play-services-safetynet:8.1.0:19:5
MERGED from com.google.android.gms:play-services-basement:8.1.0:20:5
MERGED from com.android.support:support-v4:22.2.0:22:5
MERGED from com.google.android.gms:play-services-vision:8.1.0:5:5
MERGED from com.google.android.gms:play-services-basement:8.1.0:20:5
MERGED from com.android.support:support-v4:22.2.0:22:5
MERGED from com.google.android.gms:play-services-basement:8.1.0:20:5
MERGED from com.android.support:support-v4:22.2.0:22:5
MERGED from com.google.android.gms:play-services-identity:8.1.0:19:5
MERGED from com.google.android.gms:play-services-basement:8.1.0:20:5
MERGED from com.android.support:support-v4:22.2.0:22:5
MERGED from com.google.android.gms:play-services-maps:8.1.0:28:5
MERGED from com.google.android.gms:play-services-basement:8.1.0:20:5
MERGED from com.android.support:support-v4:22.2.0:22:5
MERGED from com.google.android.gms:play-services-wearable:8.1.0:19:5
MERGED from com.google.android.gms:play-services-basement:8.1.0:20:5
MERGED from com.android.support:support-v4:22.2.0:22:5
MERGED from com.android.support:appcompat-v7:22.2.0:22:5
MERGED from com.android.support:support-v4:22.2.0:22:5
MERGED from com.astuetz:pagerslidingtabstrip:1.0.1:4:5
MERGED from com.android.support:support-v4:22.2.0:22:5
MERGED from com.android.support:support-v4:22.2.0:22:5
MERGED from com.hudomju:swipe-to-dismiss-undo:1.0:11:5
MERGED from com.google.android.gms:play-services-gcm:8.1.0:24:5
MERGED from com.google.android.gms:play-services-basement:8.1.0:20:5
MERGED from com.android.support:support-v4:22.2.0:22:5
MERGED from com.android.support:support-v4:22.2.0:22:5
	android:label
		ADDED from AndroidManifest.xml:60:9
	android:allowBackup
		ADDED from AndroidManifest.xml:58:9
	android:icon
		ADDED from AndroidManifest.xml:59:9
	android:theme
		ADDED from AndroidManifest.xml:61:9
	android:name
		ADDED from AndroidManifest.xml:57:9
activity#amigoinn.example.v4sales.LoginActivity
ADDED from AndroidManifest.xml:62:9
	android:label
		ADDED from AndroidManifest.xml:64:13
	android:name
		ADDED from AndroidManifest.xml:63:13
intent-filter#android.intent.action.MAIN+android.intent.category.LAUNCHER
ADDED from AndroidManifest.xml:65:13
action#android.intent.action.MAIN
ADDED from AndroidManifest.xml:66:17
	android:name
		ADDED from AndroidManifest.xml:66:25
category#android.intent.category.LAUNCHER
ADDED from AndroidManifest.xml:68:17
	android:name
		ADDED from AndroidManifest.xml:68:27
activity#amigoinn.example.v4sales.AbsentList
ADDED from AndroidManifest.xml:71:9
	android:windowSoftInputMode
		ADDED from AndroidManifest.xml:74:13
	android:label
		ADDED from AndroidManifest.xml:73:13
	android:name
		ADDED from AndroidManifest.xml:72:13
activity#amigoinn.example.v4sales.LeftMenusActivity
ADDED from AndroidManifest.xml:75:9
	android:windowSoftInputMode
		ADDED from AndroidManifest.xml:78:13
	android:label
		ADDED from AndroidManifest.xml:77:13
	android:name
		ADDED from AndroidManifest.xml:76:13
service#amigoinn.example.v4sales.RegistrationIntentService
ADDED from AndroidManifest.xml:80:9
	android:exported
		ADDED from AndroidManifest.xml:82:13
	android:name
		ADDED from AndroidManifest.xml:81:13
service#amigoinn.example.v4sales.MyInstanceIDListener
ADDED from AndroidManifest.xml:83:9
	android:exported
		ADDED from AndroidManifest.xml:85:13
	android:name
		ADDED from AndroidManifest.xml:84:13
intent-filter#com.google.android.gms.iid.InstanceID
ADDED from AndroidManifest.xml:86:13
action#com.google.android.gms.iid.InstanceID
ADDED from AndroidManifest.xml:87:17
	android:name
		ADDED from AndroidManifest.xml:87:25
service#amigoinn.example.v4sales.GcmMessageHandler
ADDED from AndroidManifest.xml:90:9
	android:exported
		ADDED from AndroidManifest.xml:92:13
	android:name
		ADDED from AndroidManifest.xml:91:13
intent-filter#com.google.android.c2dm.intent.RECEIVE
ADDED from AndroidManifest.xml:93:13
action#com.google.android.c2dm.intent.RECEIVE
ADDED from AndroidManifest.xml:94:17
	android:name
		ADDED from AndroidManifest.xml:94:25
service#amigoinn.example.v4sales.LocationService
ADDED from AndroidManifest.xml:98:9
	android:name
		ADDED from AndroidManifest.xml:98:18
receiver#com.google.android.gms.gcm.GcmReceiver
ADDED from AndroidManifest.xml:101:9
	android:exported
		ADDED from AndroidManifest.xml:103:13
	android:permission
		ADDED from AndroidManifest.xml:104:13
	android:name
		ADDED from AndroidManifest.xml:102:13
intent-filter#com.codepath.gcmquickstart+com.google.android.c2dm.intent.RECEIVE
ADDED from AndroidManifest.xml:105:13
category#com.codepath.gcmquickstart
ADDED from AndroidManifest.xml:108:17
	android:name
		ADDED from AndroidManifest.xml:108:27
activity#amigoinn.example.v4sales.ExpandableListViewActivity
ADDED from AndroidManifest.xml:112:9
	android:label
		ADDED from AndroidManifest.xml:114:13
	android:theme
		ADDED from AndroidManifest.xml:115:13
	android:name
		ADDED from AndroidManifest.xml:113:13
activity#amigoinn.example.v4sales.Filter
ADDED from AndroidManifest.xml:116:9
	android:label
		ADDED from AndroidManifest.xml:118:13
	android:name
		ADDED from AndroidManifest.xml:117:13
activity#amigoinn.example.v4sales.ProductFilter
ADDED from AndroidManifest.xml:119:9
	android:label
		ADDED from AndroidManifest.xml:121:13
	android:name
		ADDED from AndroidManifest.xml:120:13
activity#amigoinn.adapters.SectionedListActivity
ADDED from AndroidManifest.xml:122:9
	android:label
		ADDED from AndroidManifest.xml:124:13
	android:name
		ADDED from AndroidManifest.xml:123:13
activity#amigoinn.adapters.SectionedListBeforeFilter
ADDED from AndroidManifest.xml:125:9
	android:label
		ADDED from AndroidManifest.xml:127:13
	android:name
		ADDED from AndroidManifest.xml:126:13
activity#amigoinn.example.v4sales.ClientActivity
ADDED from AndroidManifest.xml:128:9
	android:label
		ADDED from AndroidManifest.xml:130:13
	android:name
		ADDED from AndroidManifest.xml:129:13
activity#amigoinn.adapters.CameraActivity
ADDED from AndroidManifest.xml:131:9
	android:label
		ADDED from AndroidManifest.xml:133:13
	android:name
		ADDED from AndroidManifest.xml:132:13
activity#amigoinn.adapters.SectionedListActivityForFilters
ADDED from AndroidManifest.xml:134:9
	android:label
		ADDED from AndroidManifest.xml:136:13
	android:name
		ADDED from AndroidManifest.xml:135:13
activity#amigoinn.example.v4sales.AbsentListMain
ADDED from AndroidManifest.xml:137:9
	android:label
		ADDED from AndroidManifest.xml:139:13
	android:theme
		ADDED from AndroidManifest.xml:140:13
	android:name
		ADDED from AndroidManifest.xml:138:13
meta-data#com.google.android.gms.version
ADDED from AndroidManifest.xml:142:9
MERGED from com.google.android.gms:play-services-basement:8.1.0:21:9
MERGED from com.google.android.gms:play-services-basement:8.1.0:21:9
MERGED from com.google.android.gms:play-services-basement:8.1.0:21:9
MERGED from com.google.android.gms:play-services-basement:8.1.0:21:9
MERGED from com.google.android.gms:play-services-basement:8.1.0:21:9
MERGED from com.google.android.gms:play-services-basement:8.1.0:21:9
MERGED from com.google.android.gms:play-services-basement:8.1.0:21:9
MERGED from com.google.android.gms:play-services-basement:8.1.0:21:9
MERGED from com.google.android.gms:play-services-basement:8.1.0:21:9
MERGED from com.google.android.gms:play-services-basement:8.1.0:21:9
MERGED from com.google.android.gms:play-services-basement:8.1.0:21:9
MERGED from com.google.android.gms:play-services-basement:8.1.0:21:9
MERGED from com.google.android.gms:play-services-basement:8.1.0:21:9
MERGED from com.google.android.gms:play-services-basement:8.1.0:21:9
MERGED from com.google.android.gms:play-services-basement:8.1.0:21:9
MERGED from com.google.android.gms:play-services-basement:8.1.0:21:9
MERGED from com.google.android.gms:play-services-basement:8.1.0:21:9
MERGED from com.google.android.gms:play-services-basement:8.1.0:21:9
MERGED from com.google.android.gms:play-services-basement:8.1.0:21:9
MERGED from com.google.android.gms:play-services-basement:8.1.0:21:9
MERGED from com.google.android.gms:play-services-basement:8.1.0:21:9
MERGED from com.google.android.gms:play-services-basement:8.1.0:21:9
MERGED from com.google.android.gms:play-services-basement:8.1.0:21:9